# Activity Log

> Real-time tool call logging from stream-parser.


═══════════════════════════════════════════════════════════════
Ralph Session Started: Tue Jan 27 22:34:52 PST 2026
═══════════════════════════════════════════════════════════════
[22:34:56] 🟢 TOKENS: 750 / 80000 (0%) [read:0KB write:0KB assist:0KB shell:0KB]

═══════════════════════════════════════════════════════════════
Ralph Session Started: Tue Jan 27 22:36:12 PST 2026
═══════════════════════════════════════════════════════════════
[22:36:15] 🟢 TOKENS: 750 / 80000 (0%) [read:0KB write:0KB assist:0KB shell:0KB]

═══════════════════════════════════════════════════════════════
Ralph Session Started: Tue Jan 27 22:42:12 PST 2026
═══════════════════════════════════════════════════════════════
[22:42:16] 🟢 TOKENS: 750 / 80000 (0%) [read:0KB write:0KB assist:0KB shell:0KB]

═══════════════════════════════════════════════════════════════
Ralph Session Started: Tue Jan 27 22:42:36 PST 2026
═══════════════════════════════════════════════════════════════
[22:42:39] 🟢 TOKENS: 750 / 80000 (0%) [read:0KB write:0KB assist:0KB shell:0KB]

═══════════════════════════════════════════════════════════════
Ralph Session Started: Tue Jan 27 22:49:06 PST 2026
═══════════════════════════════════════════════════════════════
[22:49:10] 🟢 TOKENS: 750 / 80000 (0%) [read:0KB write:0KB assist:0KB shell:0KB]

═══════════════════════════════════════════════════════════════
Ralph Session Started: Tue Jan 27 22:49:13 PST 2026
═══════════════════════════════════════════════════════════════
[22:49:16] 🟢 TOKENS: 750 / 80000 (0%) [read:0KB write:0KB assist:0KB shell:0KB]

═══════════════════════════════════════════════════════════════
Ralph Session Started: Tue Jan 27 22:49:18 PST 2026
═══════════════════════════════════════════════════════════════
[22:49:21] 🟢 TOKENS: 750 / 80000 (0%) [read:0KB write:0KB assist:0KB shell:0KB]

═══════════════════════════════════════════════════════════════
Ralph Session Started: Tue Jan 27 22:49:24 PST 2026
═══════════════════════════════════════════════════════════════
[22:49:27] 🟢 TOKENS: 750 / 80000 (0%) [read:0KB write:0KB assist:0KB shell:0KB]

═══════════════════════════════════════════════════════════════
Ralph Session Started: Tue Jan 27 22:49:29 PST 2026
═══════════════════════════════════════════════════════════════
[22:49:32] 🟢 TOKENS: 750 / 80000 (0%) [read:0KB write:0KB assist:0KB shell:0KB]

═══════════════════════════════════════════════════════════════
Ralph Session Started: Tue Jan 27 22:49:34 PST 2026
═══════════════════════════════════════════════════════════════
[22:49:37] 🟢 TOKENS: 750 / 80000 (0%) [read:0KB write:0KB assist:0KB shell:0KB]

═══════════════════════════════════════════════════════════════
Ralph Session Started: Tue Jan 27 22:49:39 PST 2026
═══════════════════════════════════════════════════════════════
[22:49:42] 🟢 TOKENS: 750 / 80000 (0%) [read:0KB write:0KB assist:0KB shell:0KB]

═══════════════════════════════════════════════════════════════
Ralph Session Started: Tue Jan 27 22:49:44 PST 2026
═══════════════════════════════════════════════════════════════
[22:49:47] 🟢 TOKENS: 750 / 80000 (0%) [read:0KB write:0KB assist:0KB shell:0KB]

═══════════════════════════════════════════════════════════════
Ralph Session Started: Tue Jan 27 22:49:50 PST 2026
═══════════════════════════════════════════════════════════════
[22:49:53] 🟢 TOKENS: 750 / 80000 (0%) [read:0KB write:0KB assist:0KB shell:0KB]

═══════════════════════════════════════════════════════════════
Ralph Session Started: Tue Jan 27 22:49:55 PST 2026
═══════════════════════════════════════════════════════════════
[22:49:58] 🟢 TOKENS: 750 / 80000 (0%) [read:0KB write:0KB assist:0KB shell:0KB]

═══════════════════════════════════════════════════════════════
Ralph Session Started: Tue Jan 27 22:50:00 PST 2026
═══════════════════════════════════════════════════════════════
[22:50:03] 🟢 TOKENS: 750 / 80000 (0%) [read:0KB write:0KB assist:0KB shell:0KB]

═══════════════════════════════════════════════════════════════
Ralph Session Started: Tue Jan 27 22:50:05 PST 2026
═══════════════════════════════════════════════════════════════
[22:50:08] 🟢 TOKENS: 750 / 80000 (0%) [read:0KB write:0KB assist:0KB shell:0KB]

═══════════════════════════════════════════════════════════════
Ralph Session Started: Tue Jan 27 22:50:11 PST 2026
═══════════════════════════════════════════════════════════════
[22:50:14] 🟢 TOKENS: 750 / 80000 (0%) [read:0KB write:0KB assist:0KB shell:0KB]

═══════════════════════════════════════════════════════════════
Ralph Session Started: Tue Jan 27 22:50:16 PST 2026
═══════════════════════════════════════════════════════════════
[22:50:19] 🟢 TOKENS: 750 / 80000 (0%) [read:0KB write:0KB assist:0KB shell:0KB]

═══════════════════════════════════════════════════════════════
Ralph Session Started: Tue Jan 27 22:50:21 PST 2026
═══════════════════════════════════════════════════════════════
[22:50:24] 🟢 TOKENS: 750 / 80000 (0%) [read:0KB write:0KB assist:0KB shell:0KB]

═══════════════════════════════════════════════════════════════
Ralph Session Started: Tue Jan 27 22:50:26 PST 2026
═══════════════════════════════════════════════════════════════
[22:50:30] 🟢 TOKENS: 750 / 80000 (0%) [read:0KB write:0KB assist:0KB shell:0KB]

═══════════════════════════════════════════════════════════════
Ralph Session Started: Tue Jan 27 22:50:32 PST 2026
═══════════════════════════════════════════════════════════════
[22:50:35] 🟢 TOKENS: 750 / 80000 (0%) [read:0KB write:0KB assist:0KB shell:0KB]

═══════════════════════════════════════════════════════════════
Ralph Session Started: Tue Jan 27 22:50:37 PST 2026
═══════════════════════════════════════════════════════════════
[22:50:41] 🟢 TOKENS: 750 / 80000 (0%) [read:0KB write:0KB assist:0KB shell:0KB]

═══════════════════════════════════════════════════════════════
Ralph Session Started: Tue Jan 27 22:50:43 PST 2026
═══════════════════════════════════════════════════════════════
[22:50:46] 🟢 TOKENS: 750 / 80000 (0%) [read:0KB write:0KB assist:0KB shell:0KB]

═══════════════════════════════════════════════════════════════
Ralph Session Started: Tue Jan 27 22:50:48 PST 2026
═══════════════════════════════════════════════════════════════
[22:50:51] 🟢 TOKENS: 750 / 80000 (0%) [read:0KB write:0KB assist:0KB shell:0KB]

═══════════════════════════════════════════════════════════════
Ralph Session Started: Tue Jan 27 22:51:49 PST 2026
═══════════════════════════════════════════════════════════════
[22:51:52] 🟢 TOKENS: 750 / 80000 (0%) [read:0KB write:0KB assist:0KB shell:0KB]

═══════════════════════════════════════════════════════════════
Ralph Session Started: Tue Jan 27 22:51:55 PST 2026
═══════════════════════════════════════════════════════════════
[22:51:58] 🟢 TOKENS: 750 / 80000 (0%) [read:0KB write:0KB assist:0KB shell:0KB]

═══════════════════════════════════════════════════════════════
Ralph Session Started: Tue Jan 27 22:52:00 PST 2026
═══════════════════════════════════════════════════════════════
[22:52:03] 🟢 TOKENS: 750 / 80000 (0%) [read:0KB write:0KB assist:0KB shell:0KB]

═══════════════════════════════════════════════════════════════
Ralph Session Started: Tue Jan 27 22:52:05 PST 2026
═══════════════════════════════════════════════════════════════
[22:52:09] 🟢 TOKENS: 750 / 80000 (0%) [read:0KB write:0KB assist:0KB shell:0KB]

═══════════════════════════════════════════════════════════════
Ralph Session Started: Tue Jan 27 22:52:11 PST 2026
═══════════════════════════════════════════════════════════════
[22:52:14] 🟢 TOKENS: 750 / 80000 (0%) [read:0KB write:0KB assist:0KB shell:0KB]

═══════════════════════════════════════════════════════════════
Ralph Session Started: Tue Jan 27 22:52:16 PST 2026
═══════════════════════════════════════════════════════════════
[22:52:19] 🟢 TOKENS: 750 / 80000 (0%) [read:0KB write:0KB assist:0KB shell:0KB]

═══════════════════════════════════════════════════════════════
Ralph Session Started: Tue Jan 27 22:52:22 PST 2026
═══════════════════════════════════════════════════════════════
[22:52:25] 🟢 TOKENS: 750 / 80000 (0%) [read:0KB write:0KB assist:0KB shell:0KB]

═══════════════════════════════════════════════════════════════
Ralph Session Started: Tue Jan 27 22:52:27 PST 2026
═══════════════════════════════════════════════════════════════
[22:52:30] 🟢 TOKENS: 750 / 80000 (0%) [read:0KB write:0KB assist:0KB shell:0KB]

═══════════════════════════════════════════════════════════════
Ralph Session Started: Tue Jan 27 22:52:32 PST 2026
═══════════════════════════════════════════════════════════════
[22:52:35] 🟢 TOKENS: 750 / 80000 (0%) [read:0KB write:0KB assist:0KB shell:0KB]

═══════════════════════════════════════════════════════════════
Ralph Session Started: Tue Jan 27 22:52:37 PST 2026
═══════════════════════════════════════════════════════════════
[22:52:40] 🟢 TOKENS: 750 / 80000 (0%) [read:0KB write:0KB assist:0KB shell:0KB]

═══════════════════════════════════════════════════════════════
Ralph Session Started: Tue Jan 27 22:52:42 PST 2026
═══════════════════════════════════════════════════════════════
[22:52:45] 🟢 TOKENS: 750 / 80000 (0%) [read:0KB write:0KB assist:0KB shell:0KB]

═══════════════════════════════════════════════════════════════
Ralph Session Started: Tue Jan 27 22:52:48 PST 2026
═══════════════════════════════════════════════════════════════
[22:52:51] 🟢 TOKENS: 750 / 80000 (0%) [read:0KB write:0KB assist:0KB shell:0KB]

═══════════════════════════════════════════════════════════════
Ralph Session Started: Tue Jan 27 22:52:53 PST 2026
═══════════════════════════════════════════════════════════════
[22:52:56] 🟢 TOKENS: 750 / 80000 (0%) [read:0KB write:0KB assist:0KB shell:0KB]

═══════════════════════════════════════════════════════════════
Ralph Session Started: Tue Jan 27 22:52:58 PST 2026
═══════════════════════════════════════════════════════════════
[22:53:02] 🟢 TOKENS: 750 / 80000 (0%) [read:0KB write:0KB assist:0KB shell:0KB]

═══════════════════════════════════════════════════════════════
Ralph Session Started: Tue Jan 27 22:53:04 PST 2026
═══════════════════════════════════════════════════════════════
[22:53:07] 🟢 TOKENS: 750 / 80000 (0%) [read:0KB write:0KB assist:0KB shell:0KB]

═══════════════════════════════════════════════════════════════
Ralph Session Started: Tue Jan 27 22:53:09 PST 2026
═══════════════════════════════════════════════════════════════
[22:53:12] 🟢 TOKENS: 750 / 80000 (0%) [read:0KB write:0KB assist:0KB shell:0KB]

═══════════════════════════════════════════════════════════════
Ralph Session Started: Tue Jan 27 22:53:15 PST 2026
═══════════════════════════════════════════════════════════════
[22:53:17] 🟢 TOKENS: 750 / 80000 (0%) [read:0KB write:0KB assist:0KB shell:0KB]

═══════════════════════════════════════════════════════════════
Ralph Session Started: Tue Jan 27 22:53:20 PST 2026
═══════════════════════════════════════════════════════════════
